[2021-12-17 16:55:44,535] [INFO] [1] Now listening on: https://localhost:5001
[2021-12-17 16:55:44,545] [INFO] [1] Now listening on: https://localhost:5000
[2021-12-17 16:55:44,546] [INFO] [1] Application started. Press Ctrl+C to shut down.
[2021-12-17 16:55:44,546] [INFO] [1] Hosting environment: Development
[2021-12-17 16:55:44,547] [INFO] [1] Content root path: /home/fabio/Documenti/Emadema/dotnNet_prj/loocDev/LoocERP
[2021-12-17 16:55:47,723] [WARN] [7] No type was specified for the decimal column 'StimaOraria' on entity type 'AppUser'. This will cause values to be silently truncated if they do not fit in the default precision and scale. Explicitly specify the SQL server column type that can accommodate all the values using 'HasColumnType()'.
[2021-12-17 16:55:47,724] [WARN] [7] No type was specified for the decimal column 'StimaOrariaGalleria' on entity type 'AppUser'. This will cause values to be silently truncated if they do not fit in the default precision and scale. Explicitly specify the SQL server column type that can accommodate all the values using 'HasColumnType()'.
[2021-12-17 16:55:47,724] [WARN] [7] No type was specified for the decimal column 'StimaOrariaNotturna' on entity type 'AppUser'. This will cause values to be silently truncated if they do not fit in the default precision and scale. Explicitly specify the SQL server column type that can accommodate all the values using 'HasColumnType()'.
[2021-12-17 16:55:47,724] [WARN] [7] No type was specified for the decimal column 'StimaOrariaStraordinaria' on entity type 'AppUser'. This will cause values to be silently truncated if they do not fit in the default precision and scale. Explicitly specify the SQL server column type that can accommodate all the values using 'HasColumnType()'.
[2021-12-17 16:55:47,725] [WARN] [7] No type was specified for the decimal column 'Latitude' on entity type 'TimeSheet'. This will cause values to be silently truncated if they do not fit in the default precision and scale. Explicitly specify the SQL server column type that can accommodate all the values using 'HasColumnType()'.
[2021-12-17 16:55:47,725] [WARN] [7] No type was specified for the decimal column 'Longitude' on entity type 'TimeSheet'. This will cause values to be silently truncated if they do not fit in the default precision and scale. Explicitly specify the SQL server column type that can accommodate all the values using 'HasColumnType()'.
[2021-12-17 16:55:47,725] [WARN] [7] No type was specified for the decimal column 'Indennita' on entity type 'TimeSheetDailyReport'. This will cause values to be silently truncated if they do not fit in the default precision and scale. Explicitly specify the SQL server column type that can accommodate all the values using 'HasColumnType()'.
[2021-12-17 16:55:47,725] [WARN] [7] No type was specified for the decimal column 'Ore' on entity type 'TimeSheetDailyReport'. This will cause values to be silently truncated if they do not fit in the default precision and scale. Explicitly specify the SQL server column type that can accommodate all the values using 'HasColumnType()'.
[2021-12-17 16:55:47,725] [WARN] [7] No type was specified for the decimal column 'OreEffettive' on entity type 'TimeSheetDailyReport'. This will cause values to be silently truncated if they do not fit in the default precision and scale. Explicitly specify the SQL server column type that can accommodate all the values using 'HasColumnType()'.
[2021-12-17 16:55:47,726] [WARN] [7] No type was specified for the decimal column 'OreGalleria' on entity type 'TimeSheetDailyReport'. This will cause values to be silently truncated if they do not fit in the default precision and scale. Explicitly specify the SQL server column type that can accommodate all the values using 'HasColumnType()'.
[2021-12-17 16:55:47,726] [WARN] [7] No type was specified for the decimal column 'OreNotturne' on entity type 'TimeSheetDailyReport'. This will cause values to be silently truncated if they do not fit in the default precision and scale. Explicitly specify the SQL server column type that can accommodate all the values using 'HasColumnType()'.
[2021-12-17 16:55:47,726] [WARN] [7] No type was specified for the decimal column 'OreStraordinarie' on entity type 'TimeSheetDailyReport'. This will cause values to be silently truncated if they do not fit in the default precision and scale. Explicitly specify the SQL server column type that can accommodate all the values using 'HasColumnType()'.
[2021-12-17 16:55:54,535] [INFO] [13] prova log4net
[2021-12-17 16:56:59,403] [INFO] [23] prova log4net
[2021-12-17 17:02:02,090] [INFO] [1] Now listening on: https://localhost:5001
[2021-12-17 17:02:02,117] [INFO] [1] Now listening on: https://localhost:5000
[2021-12-17 17:02:02,121] [INFO] [1] Application started. Press Ctrl+C to shut down.
[2021-12-17 17:02:02,125] [INFO] [1] Hosting environment: Development
[2021-12-17 17:02:02,129] [INFO] [1] Content root path: /home/fabio/Documenti/Emadema/dotnNet_prj/loocDev/LoocERP
[2021-12-17 17:02:47,129] [INFO] [13] prova log4net
[2021-12-17 17:02:51,425] [WARN] [13] No type was specified for the decimal column 'StimaOraria' on entity type 'AppUser'. This will cause values to be silently truncated if they do not fit in the default precision and scale. Explicitly specify the SQL server column type that can accommodate all the values using 'HasColumnType()'.
[2021-12-17 17:02:51,433] [WARN] [13] No type was specified for the decimal column 'StimaOrariaGalleria' on entity type 'AppUser'. This will cause values to be silently truncated if they do not fit in the default precision and scale. Explicitly specify the SQL server column type that can accommodate all the values using 'HasColumnType()'.
[2021-12-17 17:02:51,436] [WARN] [13] No type was specified for the decimal column 'StimaOrariaNotturna' on entity type 'AppUser'. This will cause values to be silently truncated if they do not fit in the default precision and scale. Explicitly specify the SQL server column type that can accommodate all the values using 'HasColumnType()'.
[2021-12-17 17:02:51,439] [WARN] [13] No type was specified for the decimal column 'StimaOrariaStraordinaria' on entity type 'AppUser'. This will cause values to be silently truncated if they do not fit in the default precision and scale. Explicitly specify the SQL server column type that can accommodate all the values using 'HasColumnType()'.
[2021-12-17 17:02:51,442] [WARN] [13] No type was specified for the decimal column 'Latitude' on entity type 'TimeSheet'. This will cause values to be silently truncated if they do not fit in the default precision and scale. Explicitly specify the SQL server column type that can accommodate all the values using 'HasColumnType()'.
[2021-12-17 17:02:51,445] [WARN] [13] No type was specified for the decimal column 'Longitude' on entity type 'TimeSheet'. This will cause values to be silently truncated if they do not fit in the default precision and scale. Explicitly specify the SQL server column type that can accommodate all the values using 'HasColumnType()'.
[2021-12-17 17:02:51,448] [WARN] [13] No type was specified for the decimal column 'Indennita' on entity type 'TimeSheetDailyReport'. This will cause values to be silently truncated if they do not fit in the default precision and scale. Explicitly specify the SQL server column type that can accommodate all the values using 'HasColumnType()'.
[2021-12-17 17:02:51,453] [WARN] [13] No type was specified for the decimal column 'Ore' on entity type 'TimeSheetDailyReport'. This will cause values to be silently truncated if they do not fit in the default precision and scale. Explicitly specify the SQL server column type that can accommodate all the values using 'HasColumnType()'.
[2021-12-17 17:02:51,458] [WARN] [13] No type was specified for the decimal column 'OreEffettive' on entity type 'TimeSheetDailyReport'. This will cause values to be silently truncated if they do not fit in the default precision and scale. Explicitly specify the SQL server column type that can accommodate all the values using 'HasColumnType()'.
[2021-12-17 17:02:51,467] [WARN] [13] No type was specified for the decimal column 'OreGalleria' on entity type 'TimeSheetDailyReport'. This will cause values to be silently truncated if they do not fit in the default precision and scale. Explicitly specify the SQL server column type that can accommodate all the values using 'HasColumnType()'.
[2021-12-17 17:02:51,471] [WARN] [13] No type was specified for the decimal column 'OreNotturne' on entity type 'TimeSheetDailyReport'. This will cause values to be silently truncated if they do not fit in the default precision and scale. Explicitly specify the SQL server column type that can accommodate all the values using 'HasColumnType()'.
[2021-12-17 17:02:51,475] [WARN] [13] No type was specified for the decimal column 'OreStraordinarie' on entity type 'TimeSheetDailyReport'. This will cause values to be silently truncated if they do not fit in the default precision and scale. Explicitly specify the SQL server column type that can accommodate all the values using 'HasColumnType()'.
[2021-12-17 17:05:44,836] [INFO] [1] Now listening on: https://localhost:5001
[2021-12-17 17:05:44,933] [INFO] [1] Now listening on: https://localhost:5000
[2021-12-17 17:05:44,938] [INFO] [1] Application started. Press Ctrl+C to shut down.
[2021-12-17 17:05:44,943] [INFO] [1] Hosting environment: Development
[2021-12-17 17:05:44,946] [INFO] [1] Content root path: /home/fabio/Documenti/Emadema/dotnNet_prj/loocDev/LoocERP
[2021-12-17 17:05:50,560] [INFO] [12] prova log4net
[2021-12-17 17:05:53,636] [WARN] [12] No type was specified for the decimal column 'StimaOraria' on entity type 'AppUser'. This will cause values to be silently truncated if they do not fit in the default precision and scale. Explicitly specify the SQL server column type that can accommodate all the values using 'HasColumnType()'.
[2021-12-17 17:05:53,645] [WARN] [12] No type was specified for the decimal column 'StimaOrariaGalleria' on entity type 'AppUser'. This will cause values to be silently truncated if they do not fit in the default precision and scale. Explicitly specify the SQL server column type that can accommodate all the values using 'HasColumnType()'.
[2021-12-17 17:05:53,660] [WARN] [12] No type was specified for the decimal column 'StimaOrariaNotturna' on entity type 'AppUser'. This will cause values to be silently truncated if they do not fit in the default precision and scale. Explicitly specify the SQL server column type that can accommodate all the values using 'HasColumnType()'.
[2021-12-17 17:05:53,666] [WARN] [12] No type was specified for the decimal column 'StimaOrariaStraordinaria' on entity type 'AppUser'. This will cause values to be silently truncated if they do not fit in the default precision and scale. Explicitly specify the SQL server column type that can accommodate all the values using 'HasColumnType()'.
[2021-12-17 17:05:53,672] [WARN] [12] No type was specified for the decimal column 'Latitude' on entity type 'TimeSheet'. This will cause values to be silently truncated if they do not fit in the default precision and scale. Explicitly specify the SQL server column type that can accommodate all the values using 'HasColumnType()'.
[2021-12-17 17:05:53,680] [WARN] [12] No type was specified for the decimal column 'Longitude' on entity type 'TimeSheet'. This will cause values to be silently truncated if they do not fit in the default precision and scale. Explicitly specify the SQL server column type that can accommodate all the values using 'HasColumnType()'.
[2021-12-17 17:05:53,691] [WARN] [12] No type was specified for the decimal column 'Indennita' on entity type 'TimeSheetDailyReport'. This will cause values to be silently truncated if they do not fit in the default precision and scale. Explicitly specify the SQL server column type that can accommodate all the values using 'HasColumnType()'.
[2021-12-17 17:05:53,698] [WARN] [12] No type was specified for the decimal column 'Ore' on entity type 'TimeSheetDailyReport'. This will cause values to be silently truncated if they do not fit in the default precision and scale. Explicitly specify the SQL server column type that can accommodate all the values using 'HasColumnType()'.
[2021-12-17 17:05:53,705] [WARN] [12] No type was specified for the decimal column 'OreEffettive' on entity type 'TimeSheetDailyReport'. This will cause values to be silently truncated if they do not fit in the default precision and scale. Explicitly specify the SQL server column type that can accommodate all the values using 'HasColumnType()'.
[2021-12-17 17:05:53,713] [WARN] [12] No type was specified for the decimal column 'OreGalleria' on entity type 'TimeSheetDailyReport'. This will cause values to be silently truncated if they do not fit in the default precision and scale. Explicitly specify the SQL server column type that can accommodate all the values using 'HasColumnType()'.
[2021-12-17 17:05:53,725] [WARN] [12] No type was specified for the decimal column 'OreNotturne' on entity type 'TimeSheetDailyReport'. This will cause values to be silently truncated if they do not fit in the default precision and scale. Explicitly specify the SQL server column type that can accommodate all the values using 'HasColumnType()'.
[2021-12-17 17:05:53,730] [WARN] [12] No type was specified for the decimal column 'OreStraordinarie' on entity type 'TimeSheetDailyReport'. This will cause values to be silently truncated if they do not fit in the default precision and scale. Explicitly specify the SQL server column type that can accommodate all the values using 'HasColumnType()'.
[2021-12-17 17:07:39,179] [INFO] [1] Now listening on: https://localhost:5001
[2021-12-17 17:07:39,448] [INFO] [1] Now listening on: https://localhost:5000
[2021-12-17 17:07:39,587] [INFO] [1] Application started. Press Ctrl+C to shut down.
[2021-12-17 17:07:39,662] [INFO] [1] Hosting environment: Development
[2021-12-17 17:07:39,733] [INFO] [1] Content root path: /home/fabio/Documenti/Emadema/dotnNet_prj/loocDev/LoocERP
[2021-12-17 17:08:10,932] [INFO] [15] prova log4net
[2021-12-17 17:08:13,396] [WARN] [15] No type was specified for the decimal column 'StimaOraria' on entity type 'AppUser'. This will cause values to be silently truncated if they do not fit in the default precision and scale. Explicitly specify the SQL server column type that can accommodate all the values using 'HasColumnType()'.
[2021-12-17 17:08:13,551] [WARN] [15] No type was specified for the decimal column 'StimaOrariaGalleria' on entity type 'AppUser'. This will cause values to be silently truncated if they do not fit in the default precision and scale. Explicitly specify the SQL server column type that can accommodate all the values using 'HasColumnType()'.
[2021-12-17 17:08:13,716] [WARN] [15] No type was specified for the decimal column 'StimaOrariaNotturna' on entity type 'AppUser'. This will cause values to be silently truncated if they do not fit in the default precision and scale. Explicitly specify the SQL server column type that can accommodate all the values using 'HasColumnType()'.
[2021-12-17 17:08:13,883] [WARN] [15] No type was specified for the decimal column 'StimaOrariaStraordinaria' on entity type 'AppUser'. This will cause values to be silently truncated if they do not fit in the default precision and scale. Explicitly specify the SQL server column type that can accommodate all the values using 'HasColumnType()'.
[2021-12-17 17:08:14,043] [WARN] [15] No type was specified for the decimal column 'Latitude' on entity type 'TimeSheet'. This will cause values to be silently truncated if they do not fit in the default precision and scale. Explicitly specify the SQL server column type that can accommodate all the values using 'HasColumnType()'.
[2021-12-17 17:08:14,199] [WARN] [15] No type was specified for the decimal column 'Longitude' on entity type 'TimeSheet'. This will cause values to be silently truncated if they do not fit in the default precision and scale. Explicitly specify the SQL server column type that can accommodate all the values using 'HasColumnType()'.
[2021-12-17 17:08:14,364] [WARN] [15] No type was specified for the decimal column 'Indennita' on entity type 'TimeSheetDailyReport'. This will cause values to be silently truncated if they do not fit in the default precision and scale. Explicitly specify the SQL server column type that can accommodate all the values using 'HasColumnType()'.
[2021-12-17 17:08:14,529] [WARN] [15] No type was specified for the decimal column 'Ore' on entity type 'TimeSheetDailyReport'. This will cause values to be silently truncated if they do not fit in the default precision and scale. Explicitly specify the SQL server column type that can accommodate all the values using 'HasColumnType()'.
[2021-12-17 17:08:14,697] [WARN] [15] No type was specified for the decimal column 'OreEffettive' on entity type 'TimeSheetDailyReport'. This will cause values to be silently truncated if they do not fit in the default precision and scale. Explicitly specify the SQL server column type that can accommodate all the values using 'HasColumnType()'.
[2021-12-17 17:08:14,855] [WARN] [15] No type was specified for the decimal column 'OreGalleria' on entity type 'TimeSheetDailyReport'. This will cause values to be silently truncated if they do not fit in the default precision and scale. Explicitly specify the SQL server column type that can accommodate all the values using 'HasColumnType()'.
[2021-12-17 17:08:15,017] [WARN] [15] No type was specified for the decimal column 'OreNotturne' on entity type 'TimeSheetDailyReport'. This will cause values to be silently truncated if they do not fit in the default precision and scale. Explicitly specify the SQL server column type that can accommodate all the values using 'HasColumnType()'.
[2021-12-17 17:08:15,181] [WARN] [15] No type was specified for the decimal column 'OreStraordinarie' on entity type 'TimeSheetDailyReport'. This will cause values to be silently truncated if they do not fit in the default precision and scale. Explicitly specify the SQL server column type that can accommodate all the values using 'HasColumnType()'.
